#
# There is insufficient memory for the Java Runtime Environment to continue.
# Native memory allocation (malloc) failed to allocate 2190096 bytes for Chunk::new
# Possible reasons:
#   The system is out of physical RAM or swap space
#   In 32 bit mode, the process size limit was hit
# Possible solutions:
#   Reduce memory load on the system
#   Increase physical memory or swap space
#   Check if swap backing store is full
#   Use 64 bit Java on a 64 bit OS
#   Decrease Java heap size (-Xmx/-Xms)
#   Decrease number of Java threads
#   Decrease Java thread stack sizes (-Xss)
#   Set larger code cache with -XX:ReservedCodeCacheSize=
# This output file may be truncated or incomplete.
#
#  Out of Memory Error (allocation.cpp:390), pid=8812, tid=0x0000000000000fe8
#
# JRE version: OpenJDK Runtime Environment (8.0_152-b01) (build 1.8.0_152-release-915-b01)
# Java VM: OpenJDK 64-Bit Server VM (25.152-b01 mixed mode windows-amd64 compressed oops)
# Failed to write core dump. Minidumps are not enabled by default on client versions of Windows
#

---------------  T H R E A D  ---------------

Current thread (0x0000000015999000):  JavaThread "C2 CompilerThread0" daemon [_thread_in_native, id=4072, stack(0x0000000016ff0000,0x00000000170f0000)]

Stack: [0x0000000016ff0000,0x00000000170f0000]
[error occurred during error reporting (printing stack bounds), id 0xc0000005]

Native frames: (J=compiled Java code, j=interpreted, Vv=VM code, C=native code)


Current CompileTask:
C2:  24636 6944       4       java.net.URLClassLoader$1::run (5 bytes)


---------------  P R O C E S S  ---------------

Java Threads: ( => current thread )
  0x000000001e3c6800 JavaThread "Memory manager" [_thread_blocked, id=5480, stack(0x0000000020220000,0x0000000020320000)]
  0x000000001e3c8000 JavaThread "pool-1-thread-1" [_thread_blocked, id=7008, stack(0x000000001ff20000,0x0000000020020000)]
  0x000000001b83b000 JavaThread "build operations Thread 4" [_thread_blocked, id=6996, stack(0x000000001fa20000,0x000000001fb20000)]
  0x000000001b83d800 JavaThread "build operations Thread 3" [_thread_blocked, id=1732, stack(0x000000001f920000,0x000000001fa20000)]
  0x000000001b83c800 JavaThread "build operations Thread 2" [_thread_blocked, id=6500, stack(0x000000001f820000,0x000000001f920000)]
  0x000000001b83a800 JavaThread "build operations" [_thread_blocked, id=4968, stack(0x000000001dee0000,0x000000001dfe0000)]
  0x000000001b839800 JavaThread "Cache worker for Artifact transforms cache (C:\Users\padamu06\.gradle\caches\transforms-1)" [_thread_blocked, id=8404, stack(0x000000001c930000,0x000000001ca30000)]
  0x0000000017cc1000 JavaThread "Cache worker for file hash cache (D:\projects\android\phoneix\phoenix\.gradle\4.1\fileHashes)" [_thread_blocked, id=9048, stack(0x000000001b460000,0x000000001b560000)]
  0x0000000018628800 JavaThread "File lock request listener" [_thread_in_native, id=8448, stack(0x000000001a190000,0x000000001a290000)]
  0x0000000018a87000 JavaThread "Cache worker for file hash cache (C:\Users\padamu06\.gradle\caches\4.1\fileHashes)" [_thread_blocked, id=2440, stack(0x000000001a090000,0x000000001a190000)]
  0x000000001856a000 JavaThread "Stdin handler" [_thread_blocked, id=6724, stack(0x0000000019f90000,0x000000001a090000)]
  0x0000000018569000 JavaThread "Asynchronous log dispatcher for DefaultDaemonConnection: socket connection from /127.0.0.1:59233 to /127.0.0.1:59234" [_thread_blocked, id=7568, stack(0x0000000019e90000,0x0000000019f90000)]
  0x000000001855b000 JavaThread "Daemon worker" [_thread_in_native, id=4756, stack(0x0000000019d90000,0x0000000019e90000)]
  0x0000000018559800 JavaThread "Cancel handler" [_thread_blocked, id=7460, stack(0x0000000019c90000,0x0000000019d90000)]
  0x0000000018519800 JavaThread "Handler for socket connection from /127.0.0.1:59233 to /127.0.0.1:59234" [_thread_in_native, id=7092, stack(0x0000000019990000,0x0000000019a90000)]
  0x0000000018519000 JavaThread "Daemon" [_thread_blocked, id=7948, stack(0x0000000019890000,0x0000000019990000)]
  0x0000000017a44800 JavaThread "Daemon periodic checks" [_thread_blocked, id=3600, stack(0x0000000019790000,0x0000000019890000)]
  0x0000000017b90800 JavaThread "Incoming local TCP Connector on port 59233" [_thread_in_native, id=8400, stack(0x00000000195a0000,0x00000000196a0000)]
  0x0000000017312000 JavaThread "Service Thread" daemon [_thread_blocked, id=8312, stack(0x00000000176f0000,0x00000000177f0000)]
  0x00000000159cc800 JavaThread "C1 CompilerThread2" daemon [_thread_blocked, id=2952, stack(0x00000000171f0000,0x00000000172f0000)]
  0x00000000159a1000 JavaThread "C2 CompilerThread1" daemon [_thread_in_native, id=188, stack(0x00000000170f0000,0x00000000171f0000)]
=>0x0000000015999000 JavaThread "C2 CompilerThread0" daemon [_thread_in_native, id=4072, stack(0x0000000016ff0000,0x00000000170f0000)]
  0x00000000159a7800 JavaThread "Attach Listener" daemon [_thread_blocked, id=2844, stack(0x0000000016ef0000,0x0000000016ff0000)]
  0x00000000159a6800 JavaThread "Signal Dispatcher" daemon [_thread_blocked, id=5500, stack(0x0000000016df0000,0x0000000016ef0000)]
  0x0000000015988800 JavaThread "Finalizer" daemon [_thread_blocked, id=4000, stack(0x0000000016c10000,0x0000000016d10000)]
  0x0000000002023000 JavaThread "Reference Handler" daemon [_thread_blocked, id=2444, stack(0x0000000016b10000,0x0000000016c10000)]
  0x000000000054e000 JavaThread "main" [_thread_blocked, id=3980, stack(0x0000000001d70000,0x0000000001e70000)]

Other Threads:
  0x0000000015966800 VMThread [stack: 0x0000000016a10000,0x0000000016b10000] [id=5824]
  0x0000000017312800 WatcherThread [stack: 0x00000000177f0000,0x00000000178f0000] [id=212]

VM state:not at safepoint (normal execution)

VM Mutex/Monitor currently owned by a thread: None

Heap:
 PSYoungGen      total 242176K, used 40410K [0x00000000e0000000, 0x00000000f1a00000, 0x0000000100000000)
  eden space 221696K, 18% used [0x00000000e0000000,0x00000000e2776b58,0x00000000ed880000)
  from space 20480K, 0% used [0x00000000eec00000,0x00000000eec00000,0x00000000f0000000)
  to   space 19968K, 0% used [0x00000000ed880000,0x00000000ed880000,0x00000000eec00000)
 ParOldGen       total 106496K, used 37037K [0x00000000a0000000, 0x00000000a6800000, 0x00000000e0000000)
  object space 106496K, 34% used [0x00000000a0000000,0x00000000a242b778,0x00000000a6800000)
 Metaspace       used 57229K, capacity 59934K, committed 60032K, reserved 1101824K
  class space    used 7789K, capacity 8561K, committed 8576K, reserved 1048576K

Card table byte_map: [0x00000000113f0000,0x0000000011700000] byte_map_base: 0x0000000010ef0000

Marking Bits: (ParMarkBitMap*) 0x0000000060a13950
 Begin Bits: [0x0000000011d00000, 0x0000000013500000)
 End Bits:   [0x0000000013500000, 0x0000000014d00000)

Polling page: 0x00000000004d0000

CodeCache: size=245760Kb used=21249Kb max_used=21249Kb free=224510Kb
 bounds [0x0000000002030000, 0x0000000003510000, 0x0000000011030000]
 total_blobs=7186 nmethods=6384 adapters=714
 compilation: enabled

Compilation events (10 events):
Event: 24.613 Thread 0x00000000159cc800 7147       3       java.lang.reflect.AccessibleObject::setAccessible0 (42 bytes)
Event: 24.613 Thread 0x00000000159cc800 nmethod 7147 0x0000000002971d50 code [0x0000000002971ee0, 0x00000000029723e8]
Event: 24.613 Thread 0x00000000159cc800 7148       1       sun.reflect.generics.tree.ArrayTypeSignature::getComponentType (5 bytes)
Event: 24.614 Thread 0x00000000159cc800 nmethod 7148 0x000000000222c3d0 code [0x000000000222c520, 0x000000000222c630]
Event: 24.618 Thread 0x00000000159cc800 7149       3       groovyjarjarasm.asm.ByteVector::a (51 bytes)
Event: 24.618 Thread 0x00000000159cc800 nmethod 7149 0x00000000029717d0 code [0x0000000002971940, 0x0000000002971c68]
Event: 24.619 Thread 0x00000000159cc800 7151       3       groovyjarjarasm.asm.MethodWriter::visitMaxs (1163 bytes)
Event: 24.622 Thread 0x00000000159cc800 nmethod 7151 0x000000000296d7d0 code [0x000000000296dbe0, 0x000000000296fdd8]
Event: 24.622 Thread 0x00000000159cc800 7152       3       groovy.lang.MetaClassImpl::addInterfaceMethods (81 bytes)
Event: 24.623 Thread 0x00000000159cc800 nmethod 7152 0x000000000296c7d0 code [0x000000000296c9c0, 0x000000000296d358]

GC Heap History (10 events):
Event: 18.969 GC heap before
{Heap before GC invocations=11 (full 2):
 PSYoungGen      total 129024K, used 8851K [0x00000000e0000000, 0x00000000ec780000, 0x0000000100000000)
  eden space 117248K, 0% used [0x00000000e0000000,0x00000000e0000000,0x00000000e7280000)
  from space 11776K, 75% used [0x00000000e7280000,0x00000000e7b24d88,0x00000000e7e00000)
  to   space 12288K, 0% used [0x00000000ebb80000,0x00000000ebb80000,0x00000000ec780000)
 ParOldGen       total 45056K, used 8198K [0x00000000a0000000, 0x00000000a2c00000, 0x00000000e0000000)
  object space 45056K, 18% used [0x00000000a0000000,0x00000000a0801b68,0x00000000a2c00000)
 Metaspace       used 34345K, capacity 35274K, committed 35416K, reserved 1079296K
  class space    used 4687K, capacity 5039K, committed 5120K, reserved 1048576K
Event: 19.086 GC heap after
Heap after GC invocations=11 (full 2):
 PSYoungGen      total 129024K, used 0K [0x00000000e0000000, 0x00000000ec780000, 0x0000000100000000)
  eden space 117248K, 0% used [0x00000000e0000000,0x00000000e0000000,0x00000000e7280000)
  from space 11776K, 0% used [0x00000000e7280000,0x00000000e7280000,0x00000000e7e00000)
  to   space 12288K, 0% used [0x00000000ebb80000,0x00000000ebb80000,0x00000000ec780000)
 ParOldGen       total 66048K, used 16681K [0x00000000a0000000, 0x00000000a4080000, 0x00000000e0000000)
  object space 66048K, 25% used [0x00000000a0000000,0x00000000a104a600,0x00000000a4080000)
 Metaspace       used 34345K, capacity 35274K, committed 35416K, reserved 1079296K
  class space    used 4687K, capacity 5039K, committed 5120K, reserved 1048576K
}
Event: 20.371 GC heap before
{Heap before GC invocations=12 (full 2):
 PSYoungGen      total 129024K, used 117248K [0x00000000e0000000, 0x00000000ec780000, 0x0000000100000000)
  eden space 117248K, 100% used [0x00000000e0000000,0x00000000e7280000,0x00000000e7280000)
  from space 11776K, 0% used [0x00000000e7280000,0x00000000e7280000,0x00000000e7e00000)
  to   space 12288K, 0% used [0x00000000ebb80000,0x00000000ebb80000,0x00000000ec780000)
 ParOldGen       total 66048K, used 16681K [0x00000000a0000000, 0x00000000a4080000, 0x00000000e0000000)
  object space 66048K, 25% used [0x00000000a0000000,0x00000000a104a600,0x00000000a4080000)
 Metaspace       used 42560K, capacity 43754K, committed 44160K, reserved 1087488K
  class space    used 5741K, capacity 6189K, committed 6272K, reserved 1048576K
Event: 20.386 GC heap after
Heap after GC invocations=12 (full 2):
 PSYoungGen      total 174592K, used 12258K [0x00000000e0000000, 0x00000000ec780000, 0x0000000100000000)
  eden space 162304K, 0% used [0x00000000e0000000,0x00000000e0000000,0x00000000e9e80000)
  from space 12288K, 99% used [0x00000000ebb80000,0x00000000ec778958,0x00000000ec780000)
  to   space 14336K, 0% used [0x00000000eab80000,0x00000000eab80000,0x00000000eb980000)
 ParOldGen       total 66048K, used 17791K [0x00000000a0000000, 0x00000000a4080000, 0x00000000e0000000)
  object space 66048K, 26% used [0x00000000a0000000,0x00000000a115fc40,0x00000000a4080000)
 Metaspace       used 42560K, capacity 43754K, committed 44160K, reserved 1087488K
  class space    used 5741K, capacity 6189K, committed 6272K, reserved 1048576K
}
Event: 23.512 GC heap before
{Heap before GC invocations=13 (full 2):
 PSYoungGen      total 174592K, used 174562K [0x00000000e0000000, 0x00000000ec780000, 0x0000000100000000)
  eden space 162304K, 100% used [0x00000000e0000000,0x00000000e9e80000,0x00000000e9e80000)
  from space 12288K, 99% used [0x00000000ebb80000,0x00000000ec778958,0x00000000ec780000)
  to   space 14336K, 0% used [0x00000000eab80000,0x00000000eab80000,0x00000000eb980000)
 ParOldGen       total 66048K, used 17791K [0x00000000a0000000, 0x00000000a4080000, 0x00000000e0000000)
  object space 66048K, 26% used [0x00000000a0000000,0x00000000a115fc40,0x00000000a4080000)
 Metaspace       used 55477K, capacity 57822K, committed 57984K, reserved 1099776K
  class space    used 7495K, capacity 8196K, committed 8320K, reserved 1048576K
Event: 23.541 GC heap after
Heap after GC invocations=13 (full 2):
 PSYoungGen      total 189952K, used 14328K [0x00000000e0000000, 0x00000000f0000000, 0x0000000100000000)
  eden space 175616K, 0% used [0x00000000e0000000,0x00000000e0000000,0x00000000eab80000)
  from space 14336K, 99% used [0x00000000eab80000,0x00000000eb97e268,0x00000000eb980000)
  to   space 20480K, 0% used [0x00000000eec00000,0x00000000eec00000,0x00000000f0000000)
 ParOldGen       total 66048K, used 29329K [0x00000000a0000000, 0x00000000a4080000, 0x00000000e0000000)
  object space 66048K, 44% used [0x00000000a0000000,0x00000000a1ca46d0,0x00000000a4080000)
 Metaspace       used 55477K, capacity 57822K, committed 57984K, reserved 1099776K
  class space    used 7495K, capacity 8196K, committed 8320K, reserved 1048576K
}
Event: 23.980 GC heap before
{Heap before GC invocations=14 (full 2):
 PSYoungGen      total 189952K, used 50690K [0x00000000e0000000, 0x00000000f0000000, 0x0000000100000000)
  eden space 175616K, 20% used [0x00000000e0000000,0x00000000e23828e8,0x00000000eab80000)
  from space 14336K, 99% used [0x00000000eab80000,0x00000000eb97e268,0x00000000eb980000)
  to   space 20480K, 0% used [0x00000000eec00000,0x00000000eec00000,0x00000000f0000000)
 ParOldGen       total 66048K, used 29329K [0x00000000a0000000, 0x00000000a4080000, 0x00000000e0000000)
  object space 66048K, 44% used [0x00000000a0000000,0x00000000a1ca46d0,0x00000000a4080000)
 Metaspace       used 56386K, capacity 58812K, committed 59008K, reserved 1099776K
  class space    used 7629K, capacity 8317K, committed 8320K, reserved 1048576K
Event: 24.007 GC heap after
Heap after GC invocations=14 (full 2):
 PSYoungGen      total 242176K, used 3928K [0x00000000e0000000, 0x00000000f1a00000, 0x0000000100000000)
  eden space 221696K, 0% used [0x00000000e0000000,0x00000000e0000000,0x00000000ed880000)
  from space 20480K, 19% used [0x00000000eec00000,0x00000000eefd61f0,0x00000000f0000000)
  to   space 19968K, 0% used [0x00000000ed880000,0x00000000ed880000,0x00000000eec00000)
 ParOldGen       total 66048K, used 39947K [0x00000000a0000000, 0x00000000a4080000, 0x00000000e0000000)
  object space 66048K, 60% used [0x00000000a0000000,0x00000000a2702e08,0x00000000a4080000)
 Metaspace       used 56386K, capacity 58812K, committed 59008K, reserved 1099776K
  class space    used 7629K, capacity 8317K, committed 8320K, reserved 1048576K
}
Event: 24.007 GC heap before
{Heap before GC invocations=15 (full 3):
 PSYoungGen      total 242176K, used 3928K [0x00000000e0000000, 0x00000000f1a00000, 0x0000000100000000)
  eden space 221696K, 0% used [0x00000000e0000000,0x00000000e0000000,0x00000000ed880000)
  from space 20480K, 19% used [0x00000000eec00000,0x00000000eefd61f0,0x00000000f0000000)
  to   space 19968K, 0% used [0x00000000ed880000,0x00000000ed880000,0x00000000eec00000)
 ParOldGen       total 66048K, used 39947K [0x00000000a0000000, 0x00000000a4080000, 0x00000000e0000000)
  object space 66048K, 60% used [0x00000000a0000000,0x00000000a2702e08,0x00000000a4080000)
 Metaspace       used 56386K, capacity 58812K, committed 59008K, reserved 1099776K
  class space    used 7629K, capacity 8317K, committed 8320K, reserved 1048576K
Event: 24.311 GC heap after
Heap after GC invocations=15 (full 3):
 PSYoungGen      total 242176K, used 0K [0x00000000e0000000, 0x00000000f1a00000, 0x0000000100000000)
  eden space 221696K, 0% used [0x00000000e0000000,0x00000000e0000000,0x00000000ed880000)
  from space 20480K, 0% used [0x00000000eec00000,0x00000000eec00000,0x00000000f0000000)
  to   space 19968K, 0% used [0x00000000ed880000,0x00000000ed880000,0x00000000eec00000)
 ParOldGen       total 106496K, used 37037K [0x00000000a0000000, 0x00000000a6800000, 0x00000000e0000000)
  object space 106496K, 34% used [0x00000000a0000000,0x00000000a242b778,0x00000000a6800000)
 Metaspace       used 56386K, capacity 58812K, committed 59008K, reserved 1099776K
  class space    used 7629K, capacity 8317K, committed 8320K, reserved 1048576K
}

Deoptimization events (10 events):
Event: 23.559 Thread 0x000000001b83c800 Uncommon trap: reason=unstable_if action=reinterpret pc=0x0000000002394130 method=com.esotericsoftware.kryo.io.Output.writeString(Ljava/lang/CharSequence;)V @ 1
Event: 23.697 Thread 0x000000001855b000 Uncommon trap: reason=unstable_if action=reinterpret pc=0x0000000003449ef0 method=groovy.lang.MetaClassImpl.filterPropertyMethod(Ljava/lang/Object;ZZ)Ljava/lang/Object; @ 187
Event: 23.702 Thread 0x000000001855b000 Uncommon trap: reason=unstable_if action=reinterpret pc=0x00000000025ff3d8 method=groovy.lang.MetaClassImpl$1MOPIter.processFastArray(Lorg/codehaus/groovy/util/FastArray;)V @ 85
Event: 23.702 Thread 0x000000001855b000 Uncommon trap: reason=unstable_if action=reinterpret pc=0x000000000276c084 method=groovy.lang.MetaClassImpl$1MOPIter.processFastArray(Lorg/codehaus/groovy/util/FastArray;)V @ 85
Event: 23.838 Thread 0x000000001855b000 Uncommon trap: reason=bimorphic action=maybe_recompile pc=0x0000000002a39620 method=org.codehaus.groovy.util.SingleKeyHashMap.get(Ljava/lang/Object;)Ljava/lang/Object; @ 1
Event: 23.978 Thread 0x000000001855b000 Uncommon trap: reason=unstable_if action=reinterpret pc=0x000000000278dbf4 method=java.lang.String.lastIndexOf([CII[CIII)I @ 118
Event: 24.314 Thread 0x0000000015988800 Uncommon trap: reason=unstable_if action=reinterpret pc=0x000000000259aca4 method=java.util.HashMap$HashIterator.<init>(Ljava/util/HashMap;)V @ 45
Event: 24.314 Thread 0x0000000015988800 Uncommon trap: reason=unstable_if action=reinterpret pc=0x000000000298e5cc method=java.util.HashMap$HashIterator.<init>(Ljava/util/HashMap;)V @ 45
Event: 24.350 Thread 0x000000001855b000 Uncommon trap: reason=unstable_if action=reinterpret pc=0x0000000002d09e9c method=java.util.LinkedHashMap.afterNodeInsertion(Z)V @ 18
Event: 24.611 Thread 0x000000001855b000 Uncommon trap: reason=unstable_if action=reinterpret pc=0x0000000002e2b2c0 method=java.lang.reflect.AccessibleObject.setAccessible0(Ljava/lang/reflect/AccessibleObject;Z)V @ 23

Classes redefined (0 events):
No events

Internal exceptions (10 events):
Event: 24.612 Thread 0x000000001855b000 Exception <a 'java/lang/ClassNotFoundException': java/lang/ClassBeanInfo> (0x00000000e218ac60) thrown at [D:\src\AOSP-openjdk-cygwin\jdk8u\hotspot\src\share\vm\classfile\systemDictionary.cpp, line 210]
Event: 24.613 Thread 0x000000001855b000 Exception <a 'java/lang/ClassNotFoundException': java/lang/ClassCustomizer> (0x00000000e2191b48) thrown at [D:\src\AOSP-openjdk-cygwin\jdk8u\hotspot\src\share\vm\classfile\systemDictionary.cpp, line 210]
Event: 24.617 Thread 0x000000001855b000 Exception <a 'java/lang/ClassNotFoundException': java/lang/PackageBeanInfo> (0x00000000e2209fd0) thrown at [D:\src\AOSP-openjdk-cygwin\jdk8u\hotspot\src\share\vm\classfile\systemDictionary.cpp, line 210]
Event: 24.617 Thread 0x000000001855b000 Exception <a 'java/lang/ClassNotFoundException': java/lang/PackageCustomizer> (0x00000000e2211488) thrown at [D:\src\AOSP-openjdk-cygwin\jdk8u\hotspot\src\share\vm\classfile\systemDictionary.cpp, line 210]
Event: 24.621 Thread 0x000000001855b000 Exception <a 'java/lang/ClassNotFoundException': org/gradle/api/DefaultTask_DecoratedBeanInfo> (0x00000000e2279a60) thrown at [D:\src\AOSP-openjdk-cygwin\jdk8u\hotspot\src\share\vm\classfile\systemDictionary.cpp, line 210]
Event: 24.621 Thread 0x000000001855b000 Exception <a 'java/lang/ClassNotFoundException': org/gradle/api/DefaultTask_DecoratedCustomizer> (0x00000000e228abf0) thrown at [D:\src\AOSP-openjdk-cygwin\jdk8u\hotspot\src\share\vm\classfile\systemDictionary.cpp, line 210]
Event: 24.624 Thread 0x000000001855b000 Exception <a 'java/lang/ClassNotFoundException': com/crashlytics/tools/android/project/BuildIdWriterBeanInfo> (0x00000000e22d0060) thrown at [D:\src\AOSP-openjdk-cygwin\jdk8u\hotspot\src\share\vm\classfile\systemDictionary.cpp, line 210]
Event: 24.624 Thread 0x000000001855b000 Exception <a 'java/lang/ClassNotFoundException': com/crashlytics/tools/android/project/BuildIdWriterCustomizer> (0x00000000e22e6bd8) thrown at [D:\src\AOSP-openjdk-cygwin\jdk8u\hotspot\src\share\vm\classfile\systemDictionary.cpp, line 210]
Event: 24.628 Thread 0x000000001855b000 Exception <a 'java/lang/ClassNotFoundException': org/gradle/api/internal/tasks/DefaultTaskOutputsBeanInfo> (0x00000000e234c160) thrown at [D:\src\AOSP-openjdk-cygwin\jdk8u\hotspot\src\share\vm\classfile\systemDictionary.cpp, line 210]
Event: 24.628 Thread 0x000000001855b000 Exception <a 'java/lang/ClassNotFoundException': org/gradle/api/internal/tasks/DefaultTaskOutputsCustomizer> (0x00000000e235f460) thrown at [D:\src\AOSP-openjdk-cygwin\jdk8u\hotspot\src\share\vm\classfile\systemDictionary.cpp, line 210]

Events (10 events):
Event: 24.628 loading class org/gradle/api/internal/tasks/DefaultTaskOutputsBeanInfo
Event: 24.628 loading class org/gradle/api/internal/tasks/DefaultTaskOutputsBeanInfo done
Event: 24.628 loading class org/gradle/api/internal/tasks/DefaultTaskOutputsBeanInfo
Event: 24.628 loading class org/gradle/api/internal/tasks/DefaultTaskOutputsBeanInfo done
Event: 24.628 loading class org/gradle/api/internal/tasks/DefaultTaskOutputsCustomizer
Event: 24.628 loading class org/gradle/api/internal/tasks/DefaultTaskOutputsCustomizer done
Event: 24.628 loading class org/gradle/api/internal/tasks/DefaultTaskOutputsCustomizer
Event: 24.628 loading class org/gradle/api/internal/tasks/DefaultTaskOutputsCustomizer done
Event: 24.628 loading class org/gradle/api/internal/tasks/DefaultTaskOutputsCustomizer
Event: 24.628 loading class org/gradle/api/internal/tasks/DefaultTaskOutputsCustomizer done


Dynamic libraries:
0x00007ff79d850000 - 0x00007ff79d881000 	C:\Program Files\Android\Android Studio\jre\bin\java.exe
0x00007ff935cd0000 - 0x00007ff935e7d000 	C:\WINDOWS\SYSTEM32\ntdll.dll
0x00007ff933360000 - 0x00007ff93349e000 	C:\WINDOWS\system32\KERNEL32.DLL
0x00007ff933190000 - 0x00007ff9332a6000 	C:\WINDOWS\system32\KERNELBASE.dll
0x00007ff934210000 - 0x00007ff9342ba000 	C:\WINDOWS\system32\ADVAPI32.dll
0x00007ff9337a0000 - 0x00007ff933917000 	C:\WINDOWS\system32\USER32.dll
0x00007ff930850000 - 0x00007ff930acb000 	C:\WINDOWS\WinSxS\amd64_microsoft.windows.common-controls_6595b64144ccf1df_6.0.9600.18006_none_623f33d3ecbe86e8\COMCTL32.dll
0x00007ff933500000 - 0x00007ff9335aa000 	C:\WINDOWS\system32\msvcrt.dll
0x00007ff935c70000 - 0x00007ff935cc9000 	C:\WINDOWS\SYSTEM32\sechost.dll
0x00007ff933920000 - 0x00007ff933a60000 	C:\WINDOWS\system32\RPCRT4.dll
0x00007ff9342c0000 - 0x00007ff93440b000 	C:\WINDOWS\system32\GDI32.dll
0x00007ff933160000 - 0x00007ff93318e000 	C:\WINDOWS\system32\SspiCli.dll
0x00007ff933680000 - 0x00007ff9336b6000 	C:\WINDOWS\system32\IMM32.DLL
0x00007ff935940000 - 0x00007ff935a91000 	C:\WINDOWS\system32\MSCTF.dll
0x0000000060170000 - 0x0000000060242000 	C:\Program Files\Android\Android Studio\jre\jre\bin\msvcr100.dll
0x0000000060250000 - 0x0000000060a8e000 	C:\Program Files\Android\Android Studio\jre\jre\bin\server\jvm.dll
0x00007ff9287d0000 - 0x00007ff9287d9000 	C:\WINDOWS\SYSTEM32\WSOCK32.dll
0x00007ff930070000 - 0x00007ff930092000 	C:\WINDOWS\SYSTEM32\WINMM.dll
0x00007ff92b5a0000 - 0x00007ff92b5aa000 	C:\WINDOWS\SYSTEM32\VERSION.dll
0x00007ff933a60000 - 0x00007ff933a67000 	C:\WINDOWS\system32\PSAPI.DLL
0x00007ff933730000 - 0x00007ff93378a000 	C:\WINDOWS\system32\WS2_32.dll
0x00007ff92ff20000 - 0x00007ff92ff4a000 	C:\WINDOWS\SYSTEM32\WINMMBASE.dll
0x00007ff935aa0000 - 0x00007ff935aa9000 	C:\WINDOWS\system32\NSI.dll
0x00007ff933110000 - 0x00007ff93315f000 	C:\WINDOWS\SYSTEM32\cfgmgr32.dll
0x00007ff931c30000 - 0x00007ff931c58000 	C:\WINDOWS\SYSTEM32\DEVOBJ.dll
0x00007ff928270000 - 0x00007ff92827f000 	C:\Program Files\Android\Android Studio\jre\jre\bin\verify.dll
0x00007ff9240f0000 - 0x00007ff924119000 	C:\Program Files\Android\Android Studio\jre\jre\bin\java.dll
0x00007ff928070000 - 0x00007ff928086000 	C:\Program Files\Android\Android Studio\jre\jre\bin\zip.dll
0x00007ff934410000 - 0x00007ff93593c000 	C:\WINDOWS\system32\SHELL32.dll
0x00007ff933c00000 - 0x00007ff933e12000 	C:\WINDOWS\SYSTEM32\combase.dll
0x00007ff934000000 - 0x00007ff934054000 	C:\WINDOWS\system32\SHLWAPI.dll
0x00007ff931390000 - 0x00007ff931442000 	C:\WINDOWS\SYSTEM32\SHCORE.dll
0x00007ff932e00000 - 0x00007ff932e15000 	C:\WINDOWS\SYSTEM32\profapi.dll
0x00007ff926850000 - 0x00007ff92686a000 	C:\Program Files\Android\Android Studio\jre\jre\bin\net.dll
0x00007ff932700000 - 0x00007ff932759000 	C:\WINDOWS\system32\mswsock.dll
0x00007ff925af0000 - 0x00007ff925b01000 	C:\Program Files\Android\Android Studio\jre\jre\bin\nio.dll
0x00007ff930ea0000 - 0x00007ff930ebe000 	C:\Users\padamu06\.gradle\native\25\windows-amd64\native-platform.dll
0x00007ff928260000 - 0x00007ff92826d000 	C:\Program Files\Android\Android Studio\jre\jre\bin\management.dll
0x00007ff932760000 - 0x00007ff932780000 	C:\WINDOWS\SYSTEM32\CRYPTSP.dll
0x00007ff932330000 - 0x00007ff932366000 	C:\WINDOWS\system32\rsaenh.dll
0x00007ff9329b0000 - 0x00007ff9329d6000 	C:\WINDOWS\SYSTEM32\bcrypt.dll
0x00007ff932440000 - 0x00007ff932461000 	C:\WINDOWS\SYSTEM32\USERENV.dll
0x00007ff932cd0000 - 0x00007ff932d33000 	C:\WINDOWS\system32\bcryptprimitives.dll
0x00007ff932d40000 - 0x00007ff932d4b000 	C:\WINDOWS\SYSTEM32\CRYPTBASE.dll
0x00007ff92d170000 - 0x00007ff92d19a000 	C:\WINDOWS\SYSTEM32\IPHLPAPI.DLL
0x00007ff92d160000 - 0x00007ff92d16a000 	C:\WINDOWS\SYSTEM32\WINNSI.DLL
0x00007ff92cc30000 - 0x00007ff92cc46000 	C:\WINDOWS\SYSTEM32\dhcpcsvc6.DLL
0x00007ff92ce30000 - 0x00007ff92ce4a000 	C:\WINDOWS\SYSTEM32\dhcpcsvc.DLL
0x00007ff921dd0000 - 0x00007ff921df4000 	C:\Program Files\Android\Android Studio\jre\jre\bin\sunec.dll
0x00007ff932500000 - 0x00007ff9325a4000 	C:\WINDOWS\SYSTEM32\DNSAPI.dll
0x00007ff929710000 - 0x00007ff92971a000 	C:\Windows\System32\rasadhlp.dll
0x00007ff92cd50000 - 0x00007ff92cdbb000 	C:\WINDOWS\System32\fwpuclnt.dll
0x00007ff9268d0000 - 0x00007ff9268db000 	C:\Program Files\Android\Android Studio\jre\jre\bin\sunmscapi.dll
0x00007ff932ed0000 - 0x00007ff9330af000 	C:\WINDOWS\system32\CRYPT32.dll
0x00007ff932eb0000 - 0x00007ff932ec1000 	C:\WINDOWS\system32\MSASN1.dll

VM Arguments:
jvm_args: -Xmx1536m -Dfile.encoding=windows-1252 -Duser.country=US -Duser.language=en -Duser.variant 
java_command: org.gradle.launcher.daemon.bootstrap.GradleDaemon 4.1
java_class_path (initial): C:\Users\padamu06\.gradle\wrapper\dists\gradle-4.1-all\bzyivzo6n839fup2jbap0tjew\gradle-4.1\lib\gradle-launcher-4.1.jar
Launcher Type: SUN_STANDARD

Environment Variables:
PATH=C:\Python27\;C:\Python27\Scripts;C:\ProgramData\Oracle\Java\javapath;C:\WINDOWS\system32;C:\WINDOWS;C:\WINDOWS\System32\Wbem;C:\WINDOWS\System32\WindowsPowerShell\v1.0\;C:\Program Files\nodejs\;C:\Program Files (x86)\GtkSharp\2.12\bin;C:\Users\padamu06\AppData\Local\Android\Sdk\platform-tools;C:\Users\padamu06\AppData\Local\Android\Sdk\tools;C:\Program Files\CMake\bin;C:\Program Files\Git\cmd;C:\Program Files\Common Files\microsoft shared\Web Server Extensions\14\BIN\;C:\Program Files (x86)\Microsoft SDKs\Windows\v7.0A\bin\x64\;C:\ProgramData\chocolatey\bin;C:\Users\padamu06\AppData\Roaming\npm;C:\Program Files\Microsoft VS Code\bin;C:\Users\padamu06\AppData\Local\.meteor;
USERNAME=Lokesh
OS=Windows_NT
PROCESSOR_IDENTIFIER=Intel64 Family 6 Model 69 Stepping 1, GenuineIntel



---------------  S Y S T E M  ---------------

OS: Windows 8.1 , 64 bit Build 9600 (6.3.9600.17415)

CPU:total 4 (initial active 4) (2 cores per cpu, 2 threads per core) family 6 model 69 stepping 1, cmov, cx8, fxsr, mmx, sse, sse2, sse3, ssse3, sse4.1, sse4.2, popcnt, avx, avx2, aes, clmul, erms, lzcnt, ht, tsc, tscinvbit, bmi1, bmi2

Memory: 4k page, physical 8068764k(657556k free), swap 11214492k(5324k free)

vm_info: OpenJDK 64-Bit Server VM (25.152-b01) for windows-amd64 JRE (1.8.0_152-release-915-b01), built by "builder" with MS VC++ 10.0 (VS2010)

time: Thu Jun 14 20:10:38 2018
elapsed time: 24 seconds (0d 0h 0m 24s)

