#
# There is insufficient memory for the Java Runtime Environment to continue.
# Native memory allocation (malloc) failed to allocate 32744 bytes for ChunkPool::allocate
# Possible reasons:
#   The system is out of physical RAM or swap space
#   In 32 bit mode, the process size limit was hit
# Possible solutions:
#   Reduce memory load on the system
#   Increase physical memory or swap space
#   Check if swap backing store is full
#   Use 64 bit Java on a 64 bit OS
#   Decrease Java heap size (-Xmx/-Xms)
#   Decrease number of Java threads
#   Decrease Java thread stack sizes (-Xss)
#   Set larger code cache with -XX:ReservedCodeCacheSize=
# This output file may be truncated or incomplete.
#
#  Out of Memory Error (allocation.cpp:273), pid=2976, tid=0x0000000000001780
#
# JRE version: OpenJDK Runtime Environment (8.0_152-b01) (build 1.8.0_152-release-915-b01)
# Java VM: OpenJDK 64-Bit Server VM (25.152-b01 mixed mode windows-amd64 compressed oops)
# Failed to write core dump. Minidumps are not enabled by default on client versions of Windows
#

---------------  T H R E A D  ---------------

Current thread (0x000000001651c800):  JavaThread "C2 CompilerThread1" daemon [_thread_in_native, id=6016, stack(0x0000000017c60000,0x0000000017d60000)]

Stack: [0x0000000017c60000,0x0000000017d60000]
[error occurred during error reporting (printing stack bounds), id 0xc0000005]

Native frames: (J=compiled Java code, j=interpreted, Vv=VM code, C=native code)


Current CompileTask:
C2:   8071 5446       4       java.net.URLClassLoader$1::run (5 bytes)


---------------  P R O C E S S  ---------------

Java Threads: ( => current thread )
  0x0000000019b3e800 JavaThread "Memory manager" [_thread_blocked, id=4568, stack(0x0000000021430000,0x0000000021530000)]
  0x0000000019b3a800 JavaThread "pool-1-thread-1" [_thread_blocked, id=8568, stack(0x0000000020a20000,0x0000000020b20000)]
  0x0000000019b3d800 JavaThread "build operations Thread 4" [_thread_blocked, id=3800, stack(0x0000000020520000,0x0000000020620000)]
  0x0000000019b3d000 JavaThread "build operations Thread 3" [_thread_blocked, id=800, stack(0x00000000201f0000,0x00000000202f0000)]
  0x0000000019b3b800 JavaThread "build operations Thread 2" [_thread_blocked, id=7812, stack(0x00000000200f0000,0x00000000201f0000)]
  0x0000000019b3c000 JavaThread "build operations" [_thread_blocked, id=9148, stack(0x000000001e970000,0x000000001ea70000)]
  0x0000000019b39000 JavaThread "Cache worker for Artifact transforms cache (C:\Users\padamu06\.gradle\caches\transforms-1)" [_thread_blocked, id=3212, stack(0x000000001e470000,0x000000001e570000)]
  0x000000001a011800 JavaThread "Cache worker for file hash cache (D:\projects\android\phoneix\phoenix\.gradle\4.1\fileHashes)" [_thread_blocked, id=7704, stack(0x000000001bfd0000,0x000000001c0d0000)]
  0x00000000192f1000 JavaThread "File lock request listener" [_thread_in_native, id=1380, stack(0x000000001bcd0000,0x000000001bdd0000)]
  0x00000000192f0000 JavaThread "Cache worker for file hash cache (C:\Users\padamu06\.gradle\caches\4.1\fileHashes)" [_thread_blocked, id=3796, stack(0x000000001bbd0000,0x000000001bcd0000)]
  0x0000000019100000 JavaThread "Stdin handler" [_thread_blocked, id=4708, stack(0x000000001bad0000,0x000000001bbd0000)]
  0x00000000191c4000 JavaThread "Asynchronous log dispatcher for DefaultDaemonConnection: socket connection from /127.0.0.1:59243 to /127.0.0.1:59244" [_thread_blocked, id=5184, stack(0x000000001b9d0000,0x000000001bad0000)]
  0x00000000191c2800 JavaThread "Daemon worker" [_thread_in_Java, id=3076, stack(0x000000001b8d0000,0x000000001b9d0000)]
  0x00000000191c2000 JavaThread "Cancel handler" [_thread_blocked, id=8644, stack(0x000000001b7d0000,0x000000001b8d0000)]
  0x000000001922e800 JavaThread "Handler for socket connection from /127.0.0.1:59243 to /127.0.0.1:59244" [_thread_in_native, id=6292, stack(0x000000001b4d0000,0x000000001b5d0000)]
  0x000000001964b800 JavaThread "Daemon" [_thread_blocked, id=9088, stack(0x000000001b3d0000,0x000000001b4d0000)]
  0x000000001918d800 JavaThread "Daemon periodic checks" [_thread_blocked, id=1748, stack(0x000000001b2d0000,0x000000001b3d0000)]
  0x000000001920c800 JavaThread "Incoming local TCP Connector on port 59243" [_thread_in_native, id=2332, stack(0x000000001b0e0000,0x000000001b1e0000)]
  0x000000001657e800 JavaThread "Service Thread" daemon [_thread_blocked, id=6588, stack(0x0000000018260000,0x0000000018360000)]
  0x0000000016528800 JavaThread "C1 CompilerThread2" daemon [_thread_in_vm, id=4252, stack(0x0000000017d60000,0x0000000017e60000)]
=>0x000000001651c800 JavaThread "C2 CompilerThread1" daemon [_thread_in_native, id=6016, stack(0x0000000017c60000,0x0000000017d60000)]
  0x0000000016518000 JavaThread "C2 CompilerThread0" daemon [_thread_in_native, id=8048, stack(0x0000000017b60000,0x0000000017c60000)]
  0x0000000016526800 JavaThread "Attach Listener" daemon [_thread_blocked, id=6608, stack(0x0000000017a60000,0x0000000017b60000)]
  0x0000000016525000 JavaThread "Signal Dispatcher" daemon [_thread_blocked, id=2860, stack(0x0000000017960000,0x0000000017a60000)]
  0x0000000016508800 JavaThread "Finalizer" daemon [_thread_blocked, id=5476, stack(0x0000000017780000,0x0000000017880000)]
  0x0000000002ba1000 JavaThread "Reference Handler" daemon [_thread_blocked, id=3176, stack(0x0000000017680000,0x0000000017780000)]
  0x000000000117e000 JavaThread "main" [_thread_blocked, id=1444, stack(0x0000000002900000,0x0000000002a00000)]

Other Threads:
  0x00000000164e6800 VMThread [stack: 0x0000000017580000,0x0000000017680000] [id=6824]
  0x0000000017e88000 WatcherThread [stack: 0x0000000018360000,0x0000000018460000] [id=3988]

VM state:not at safepoint (normal execution)

VM Mutex/Monitor currently owned by a thread: None

Heap:
 PSYoungGen      total 226816K, used 28592K [0x00000000e0000000, 0x00000000f4f00000, 0x0000000100000000)
  eden space 214016K, 7% used [0x00000000e0000000,0x00000000e0f6d7d0,0x00000000ed100000)
  from space 12800K, 99% used [0x00000000ed100000,0x00000000edd7ec20,0x00000000edd80000)
  to   space 17408K, 0% used [0x00000000f3e00000,0x00000000f3e00000,0x00000000f4f00000)
 ParOldGen       total 65536K, used 24219K [0x00000000a0000000, 0x00000000a4000000, 0x00000000e0000000)
  object space 65536K, 36% used [0x00000000a0000000,0x00000000a17a6e18,0x00000000a4000000)
 Metaspace       used 50924K, capacity 52668K, committed 52736K, reserved 1095680K
  class space    used 6894K, capacity 7414K, committed 7424K, reserved 1048576K

Card table byte_map: [0x0000000011f70000,0x0000000012280000] byte_map_base: 0x0000000011a70000

Marking Bits: (ParMarkBitMap*) 0x0000000060a13950
 Begin Bits: [0x0000000012880000, 0x0000000014080000)
 End Bits:   [0x0000000014080000, 0x0000000015880000)

Polling page: 0x0000000001160000

CodeCache: size=245760Kb used=17098Kb max_used=17098Kb free=228661Kb
 bounds [0x0000000002bb0000, 0x0000000003c70000, 0x0000000011bb0000]
 total_blobs=6059 nmethods=5317 adapters=654
 compilation: enabled

Compilation events (10 events):
Event: 8.063 Thread 0x0000000016528800 nmethod 5794 0x0000000003c6aa10 code [0x0000000003c6aba0, 0x0000000003c6af28]
Event: 8.064 Thread 0x0000000016528800 5795   !   2       com.sun.proxy.$Proxy52::annotationType (29 bytes)
Event: 8.065 Thread 0x0000000016528800 nmethod 5795 0x0000000003c6b150 code [0x0000000003c6b2e0, 0x0000000003c6b598]
Event: 8.065 Thread 0x0000000016528800 5796       2       org.gradle.api.internal.tasks.TaskPropertyFileCollection::<init> (32 bytes)
Event: 8.065 Thread 0x0000000016528800 nmethod 5796 0x0000000003c6b710 code [0x0000000003c6b860, 0x0000000003c6ba10]
Event: 8.065 Thread 0x0000000016528800 5797       2       org.gradle.internal.logging.slf4j.OutputEventListenerBackedLogger::debug (18 bytes)
Event: 8.066 Thread 0x0000000016528800 nmethod 5797 0x0000000003c6ba90 code [0x0000000003c6bc00, 0x0000000003c6be58]
Event: 8.067 Thread 0x0000000016528800 5798       2       com.android.build.gradle.internal.scope.VariantScopeImpl::getVariantConfiguration (8 bytes)
Event: 8.067 Thread 0x0000000016528800 nmethod 5798 0x0000000003c6c050 code [0x0000000003c6c1a0, 0x0000000003c6c2f0]
Event: 8.067 Thread 0x0000000016528800 5799       2       org.gradle.api.internal.tasks.DefaultTaskDependency::add (34 bytes)

GC Heap History (10 events):
Event: 3.260 GC heap before
{Heap before GC invocations=7 (full 1):
 PSYoungGen      total 68608K, used 63385K [0x00000000e0000000, 0x00000000e9100000, 0x0000000100000000)
  eden space 63488K, 99% used [0x00000000e0000000,0x00000000e3de6508,0x00000000e3e00000)
  from space 5120K, 0% used [0x00000000e3e00000,0x00000000e3e00000,0x00000000e4300000)
  to   space 10752K, 0% used [0x00000000e8680000,0x00000000e8680000,0x00000000e9100000)
 ParOldGen       total 47104K, used 6309K [0x00000000a0000000, 0x00000000a2e00000, 0x00000000e0000000)
  object space 47104K, 13% used [0x00000000a0000000,0x00000000a06294d8,0x00000000a2e00000)
 Metaspace       used 25566K, capacity 25978K, committed 26240K, reserved 1071104K
  class space    used 3532K, capacity 3710K, committed 3712K, reserved 1048576K
Event: 3.279 GC heap after
Heap after GC invocations=7 (full 1):
 PSYoungGen      total 124928K, used 6787K [0x00000000e0000000, 0x00000000e8d80000, 0x0000000100000000)
  eden space 117760K, 0% used [0x00000000e0000000,0x00000000e0000000,0x00000000e7300000)
  from space 7168K, 94% used [0x00000000e8680000,0x00000000e8d20e28,0x00000000e8d80000)
  to   space 10240K, 0% used [0x00000000e7980000,0x00000000e7980000,0x00000000e8380000)
 ParOldGen       total 47104K, used 6309K [0x00000000a0000000, 0x00000000a2e00000, 0x00000000e0000000)
  object space 47104K, 13% used [0x00000000a0000000,0x00000000a06294d8,0x00000000a2e00000)
 Metaspace       used 25566K, capacity 25978K, committed 26240K, reserved 1071104K
  class space    used 3532K, capacity 3710K, committed 3712K, reserved 1048576K
}
Event: 5.046 GC heap before
{Heap before GC invocations=8 (full 1):
 PSYoungGen      total 124928K, used 124547K [0x00000000e0000000, 0x00000000e8d80000, 0x0000000100000000)
  eden space 117760K, 100% used [0x00000000e0000000,0x00000000e7300000,0x00000000e7300000)
  from space 7168K, 94% used [0x00000000e8680000,0x00000000e8d20e28,0x00000000e8d80000)
  to   space 10240K, 0% used [0x00000000e7980000,0x00000000e7980000,0x00000000e8380000)
 ParOldGen       total 47104K, used 6309K [0x00000000a0000000, 0x00000000a2e00000, 0x00000000e0000000)
  object space 47104K, 13% used [0x00000000a0000000,0x00000000a06294d8,0x00000000a2e00000)
 Metaspace       used 31732K, capacity 32610K, committed 32896K, reserved 1077248K
  class space    used 4339K, capacity 4684K, committed 4736K, reserved 1048576K
Event: 5.069 GC heap after
Heap after GC invocations=8 (full 1):
 PSYoungGen      total 134656K, used 10220K [0x00000000e0000000, 0x00000000ee980000, 0x0000000100000000)
  eden space 124416K, 0% used [0x00000000e0000000,0x00000000e0000000,0x00000000e7980000)
  from space 10240K, 99% used [0x00000000e7980000,0x00000000e837b190,0x00000000e8380000)
  to   space 12288K, 0% used [0x00000000edd80000,0x00000000edd80000,0x00000000ee980000)
 ParOldGen       total 47104K, used 7199K [0x00000000a0000000, 0x00000000a2e00000, 0x00000000e0000000)
  object space 47104K, 15% used [0x00000000a0000000,0x00000000a0707e28,0x00000000a2e00000)
 Metaspace       used 31732K, capacity 32610K, committed 32896K, reserved 1077248K
  class space    used 4339K, capacity 4684K, committed 4736K, reserved 1048576K
}
Event: 5.408 GC heap before
{Heap before GC invocations=9 (full 1):
 PSYoungGen      total 134656K, used 31357K [0x00000000e0000000, 0x00000000ee980000, 0x0000000100000000)
  eden space 124416K, 16% used [0x00000000e0000000,0x00000000e14a42b0,0x00000000e7980000)
  from space 10240K, 99% used [0x00000000e7980000,0x00000000e837b190,0x00000000e8380000)
  to   space 12288K, 0% used [0x00000000edd80000,0x00000000edd80000,0x00000000ee980000)
 ParOldGen       total 47104K, used 7199K [0x00000000a0000000, 0x00000000a2e00000, 0x00000000e0000000)
  object space 47104K, 15% used [0x00000000a0000000,0x00000000a0707e28,0x00000000a2e00000)
 Metaspace       used 34362K, capacity 35274K, committed 35416K, reserved 1079296K
  class space    used 4685K, capacity 5039K, committed 5120K, reserved 1048576K
Event: 5.423 GC heap after
Heap after GC invocations=9 (full 1):
 PSYoungGen      total 226304K, used 10375K [0x00000000e0000000, 0x00000000ef400000, 0x0000000100000000)
  eden space 214016K, 0% used [0x00000000e0000000,0x00000000e0000000,0x00000000ed100000)
  from space 12288K, 84% used [0x00000000edd80000,0x00000000ee7a1cf0,0x00000000ee980000)
  to   space 12800K, 0% used [0x00000000ed100000,0x00000000ed100000,0x00000000edd80000)
 ParOldGen       total 47104K, used 7279K [0x00000000a0000000, 0x00000000a2e00000, 0x00000000e0000000)
  object space 47104K, 15% used [0x00000000a0000000,0x00000000a071be38,0x00000000a2e00000)
 Metaspace       used 34362K, capacity 35274K, committed 35416K, reserved 1079296K
  class space    used 4685K, capacity 5039K, committed 5120K, reserved 1048576K
}
Event: 5.423 GC heap before
{Heap before GC invocations=10 (full 2):
 PSYoungGen      total 226304K, used 10375K [0x00000000e0000000, 0x00000000ef400000, 0x0000000100000000)
  eden space 214016K, 0% used [0x00000000e0000000,0x00000000e0000000,0x00000000ed100000)
  from space 12288K, 84% used [0x00000000edd80000,0x00000000ee7a1cf0,0x00000000ee980000)
  to   space 12800K, 0% used [0x00000000ed100000,0x00000000ed100000,0x00000000edd80000)
 ParOldGen       total 47104K, used 7279K [0x00000000a0000000, 0x00000000a2e00000, 0x00000000e0000000)
  object space 47104K, 15% used [0x00000000a0000000,0x00000000a071be38,0x00000000a2e00000)
 Metaspace       used 34362K, capacity 35274K, committed 35416K, reserved 1079296K
  class space    used 4685K, capacity 5039K, committed 5120K, reserved 1048576K
Event: 5.500 GC heap after
Heap after GC invocations=10 (full 2):
 PSYoungGen      total 226304K, used 0K [0x00000000e0000000, 0x00000000ef400000, 0x0000000100000000)
  eden space 214016K, 0% used [0x00000000e0000000,0x00000000e0000000,0x00000000ed100000)
  from space 12288K, 0% used [0x00000000edd80000,0x00000000edd80000,0x00000000ee980000)
  to   space 12800K, 0% used [0x00000000ed100000,0x00000000ed100000,0x00000000edd80000)
 ParOldGen       total 65536K, used 16503K [0x00000000a0000000, 0x00000000a4000000, 0x00000000e0000000)
  object space 65536K, 25% used [0x00000000a0000000,0x00000000a101df80,0x00000000a4000000)
 Metaspace       used 34362K, capacity 35274K, committed 35416K, reserved 1079296K
  class space    used 4685K, capacity 5039K, committed 5120K, reserved 1048576K
}
Event: 7.891 GC heap before
{Heap before GC invocations=11 (full 2):
 PSYoungGen      total 226304K, used 214016K [0x00000000e0000000, 0x00000000ef400000, 0x0000000100000000)
  eden space 214016K, 100% used [0x00000000e0000000,0x00000000ed100000,0x00000000ed100000)
  from space 12288K, 0% used [0x00000000edd80000,0x00000000edd80000,0x00000000ee980000)
  to   space 12800K, 0% used [0x00000000ed100000,0x00000000ed100000,0x00000000edd80000)
 ParOldGen       total 65536K, used 16503K [0x00000000a0000000, 0x00000000a4000000, 0x00000000e0000000)
  object space 65536K, 25% used [0x00000000a0000000,0x00000000a101df80,0x00000000a4000000)
 Metaspace       used 50336K, capacity 52016K, committed 52224K, reserved 1093632K
  class space    used 6802K, capacity 7336K, committed 7424K, reserved 1048576K
Event: 7.932 GC heap after
Heap after GC invocations=11 (full 2):
 PSYoungGen      total 226816K, used 12795K [0x00000000e0000000, 0x00000000f4f00000, 0x0000000100000000)
  eden space 214016K, 0% used [0x00000000e0000000,0x00000000e0000000,0x00000000ed100000)
  from space 12800K, 99% used [0x00000000ed100000,0x00000000edd7ec20,0x00000000edd80000)
  to   space 17408K, 0% used [0x00000000f3e00000,0x00000000f3e00000,0x00000000f4f00000)
 ParOldGen       total 65536K, used 24219K [0x00000000a0000000, 0x00000000a4000000, 0x00000000e0000000)
  object space 65536K, 36% used [0x00000000a0000000,0x00000000a17a6e18,0x00000000a4000000)
 Metaspace       used 50336K, capacity 52016K, committed 52224K, reserved 1093632K
  class space    used 6802K, capacity 7336K, committed 7424K, reserved 1048576K
}

Deoptimization events (10 events):
Event: 6.887 Thread 0x00000000191c2800 Uncommon trap: reason=unstable_if action=reinterpret pc=0x0000000003797388 method=com.sun.org.apache.xerces.internal.impl.XMLEntityScanner.scanLiteral(ILcom/sun/org/apache/xerces/internal/xni/XMLString;Z)I @ 660
Event: 6.959 Thread 0x00000000191c2800 Uncommon trap: reason=unstable_if action=reinterpret pc=0x0000000003821548 method=java.lang.CharacterDataLatin1.digit(II)I @ 31
Event: 6.971 Thread 0x00000000191c2800 Uncommon trap: reason=unstable_if action=reinterpret pc=0x00000000037a2c28 method=java.lang.CharacterDataLatin1.digit(II)I @ 31
Event: 7.583 Thread 0x00000000191c2800 Uncommon trap: reason=unstable_if action=reinterpret pc=0x0000000003420d78 method=org.objectweb.asm.ByteVector.putUTF8(Ljava/lang/String;)Lorg/objectweb/asm/ByteVector; @ 91
Event: 7.652 Thread 0x00000000191c2800 Uncommon trap: reason=unstable_if action=reinterpret pc=0x00000000039f3558 method=java.io.WinNTFileSystem.normalizePrefix(Ljava/lang/String;ILjava/lang/StringBuffer;)I @ 62
Event: 7.817 Thread 0x00000000191c2800 Uncommon trap: reason=unstable_if action=reinterpret pc=0x0000000003a45d60 method=java.util.regex.Pattern$LastNode.match(Ljava/util/regex/Matcher;ILjava/lang/CharSequence;)Z @ 13
Event: 7.862 Thread 0x00000000191c2800 Uncommon trap: reason=unstable_if action=reinterpret pc=0x0000000003a2f104 method=java.util.regex.Pattern$LastNode.match(Ljava/util/regex/Matcher;ILjava/lang/CharSequence;)Z @ 13
Event: 7.862 Thread 0x00000000191c2800 Uncommon trap: reason=unstable_if action=reinterpret pc=0x0000000003a30140 method=java.util.regex.Pattern$LastNode.match(Ljava/util/regex/Matcher;ILjava/lang/CharSequence;)Z @ 13
Event: 7.996 Thread 0x00000000191c2800 Uncommon trap: reason=unstable_if action=reinterpret pc=0x00000000034bb0bc method=org.objectweb.asm.Type.getArgumentsAndReturnSizes(Ljava/lang/String;)I @ 47
Event: 7.996 Thread 0x00000000191c2800 Uncommon trap: reason=unstable_if action=reinterpret pc=0x000000000384af88 method=org.objectweb.asm.Type.getArgumentsAndReturnSizes(Ljava/lang/String;)I @ 47

Classes redefined (0 events):
No events

Internal exceptions (10 events):
Event: 7.238 Thread 0x00000000191c2800 Exception <a 'sun/nio/fs/WindowsException'> (0x00000000e9bd1ba0) thrown at [D:\src\AOSP-openjdk-cygwin\jdk8u\hotspot\src\share\vm\prims\jni.cpp, line 709]
Event: 7.239 Thread 0x00000000191c2800 Exception <a 'sun/nio/fs/WindowsException'> (0x00000000e9bd4d00) thrown at [D:\src\AOSP-openjdk-cygwin\jdk8u\hotspot\src\share\vm\prims\jni.cpp, line 709]
Event: 7.239 Thread 0x00000000191c2800 Exception <a 'sun/nio/fs/WindowsException'> (0x00000000e9bd5a00) thrown at [D:\src\AOSP-openjdk-cygwin\jdk8u\hotspot\src\share\vm\prims\jni.cpp, line 709]
Event: 7.239 Thread 0x00000000191c2800 Exception <a 'sun/nio/fs/WindowsException'> (0x00000000e9bd7730) thrown at [D:\src\AOSP-openjdk-cygwin\jdk8u\hotspot\src\share\vm\prims\jni.cpp, line 709]
Event: 7.239 Thread 0x00000000191c2800 Exception <a 'sun/nio/fs/WindowsException'> (0x00000000e9bd8470) thrown at [D:\src\AOSP-openjdk-cygwin\jdk8u\hotspot\src\share\vm\prims\jni.cpp, line 709]
Event: 7.405 Thread 0x00000000191c2800 Exception <a 'java/lang/NoSuchMethodError': java.lang.Object.lambda$comparing$77a9974f$1(Ljava/util/function/Function;Ljava/lang/Object;Ljava/lang/Object;)I> (0x00000000eb303a20) thrown at [D:\src\AOSP-openjdk-cygwin\jdk8u\hotspot\src\share\vm\interpreter
Event: 7.406 Thread 0x00000000191c2800 Exception <a 'java/lang/NoSuchMethodError': java.lang.Object.lambda$thenComparing$36697e65$1(Ljava/util/Comparator;Ljava/lang/Object;Ljava/lang/Object;)I> (0x00000000eb30eff0) thrown at [D:\src\AOSP-openjdk-cygwin\jdk8u\hotspot\src\share\vm\interpreter\li
Event: 7.426 Thread 0x00000000191c2800 Exception <a 'java/lang/NoSuchMethodError': java.lang.Object.lambda$maxBy$1(Ljava/util/Comparator;Ljava/lang/Object;Ljava/lang/Object;)Ljava/lang/Object;> (0x00000000eb468860) thrown at [D:\src\AOSP-openjdk-cygwin\jdk8u\hotspot\src\share\vm\interpreter\li
Event: 7.538 Thread 0x00000000191c2800 Exception <a 'java/lang/ClassNotFoundException': org/gradle/api/plugins/BasePluginConventionBeanInfo> (0x00000000ebab95c8) thrown at [D:\src\AOSP-openjdk-cygwin\jdk8u\hotspot\src\share\vm\classfile\systemDictionary.cpp, line 210]
Event: 7.539 Thread 0x00000000191c2800 Exception <a 'java/lang/ClassNotFoundException': org/gradle/api/plugins/BasePluginConventionCustomizer> (0x00000000ebad8ec8) thrown at [D:\src\AOSP-openjdk-cygwin\jdk8u\hotspot\src\share\vm\classfile\systemDictionary.cpp, line 210]

Events (10 events):
Event: 8.056 Thread 0x00000000191c2800 DEOPT PACKING pc=0x0000000003bd044d sp=0x000000001b9cb5f0
Event: 8.056 Thread 0x00000000191c2800 DEOPT UNPACKING pc=0x0000000002bf75bf sp=0x000000001b9cb340 mode 0
Event: 8.056 loading class com/android/build/gradle/tasks/VerifyLibraryResourcesTask$ConfigAction
Event: 8.056 loading class com/android/build/gradle/tasks/VerifyLibraryResourcesTask$ConfigAction done
Event: 8.057 loading class com/android/build/gradle/tasks/VerifyLibraryResourcesTask
Event: 8.057 loading class com/android/build/gradle/tasks/VerifyLibraryResourcesTask done
Event: 8.058 loading class com/android/builder/internal/aapt/AaptException
Event: 8.058 loading class com/android/builder/internal/aapt/AaptException done
Event: 8.060 loading class com/android/ide/common/res2/FileStatus
Event: 8.060 loading class com/android/ide/common/res2/FileStatus done


Dynamic libraries:
0x00007ff79d850000 - 0x00007ff79d881000 	C:\Program Files\Android\Android Studio\jre\bin\java.exe
0x00007ff935cd0000 - 0x00007ff935e7d000 	C:\WINDOWS\SYSTEM32\ntdll.dll
0x00007ff933360000 - 0x00007ff93349e000 	C:\WINDOWS\system32\KERNEL32.DLL
0x00007ff933190000 - 0x00007ff9332a6000 	C:\WINDOWS\system32\KERNELBASE.dll
0x00007ff934210000 - 0x00007ff9342ba000 	C:\WINDOWS\system32\ADVAPI32.dll
0x00007ff9337a0000 - 0x00007ff933917000 	C:\WINDOWS\system32\USER32.dll
0x00007ff930850000 - 0x00007ff930acb000 	C:\WINDOWS\WinSxS\amd64_microsoft.windows.common-controls_6595b64144ccf1df_6.0.9600.18006_none_623f33d3ecbe86e8\COMCTL32.dll
0x00007ff933500000 - 0x00007ff9335aa000 	C:\WINDOWS\system32\msvcrt.dll
0x00007ff935c70000 - 0x00007ff935cc9000 	C:\WINDOWS\SYSTEM32\sechost.dll
0x00007ff933920000 - 0x00007ff933a60000 	C:\WINDOWS\system32\RPCRT4.dll
0x00007ff9342c0000 - 0x00007ff93440b000 	C:\WINDOWS\system32\GDI32.dll
0x00007ff933160000 - 0x00007ff93318e000 	C:\WINDOWS\system32\SspiCli.dll
0x00007ff933680000 - 0x00007ff9336b6000 	C:\WINDOWS\system32\IMM32.DLL
0x00007ff935940000 - 0x00007ff935a91000 	C:\WINDOWS\system32\MSCTF.dll
0x0000000060170000 - 0x0000000060242000 	C:\Program Files\Android\Android Studio\jre\jre\bin\msvcr100.dll
0x0000000060250000 - 0x0000000060a8e000 	C:\Program Files\Android\Android Studio\jre\jre\bin\server\jvm.dll
0x00007ff9287d0000 - 0x00007ff9287d9000 	C:\WINDOWS\SYSTEM32\WSOCK32.dll
0x00007ff930070000 - 0x00007ff930092000 	C:\WINDOWS\SYSTEM32\WINMM.dll
0x00007ff92b5a0000 - 0x00007ff92b5aa000 	C:\WINDOWS\SYSTEM32\VERSION.dll
0x00007ff933a60000 - 0x00007ff933a67000 	C:\WINDOWS\system32\PSAPI.DLL
0x00007ff933730000 - 0x00007ff93378a000 	C:\WINDOWS\system32\WS2_32.dll
0x00007ff92ff20000 - 0x00007ff92ff4a000 	C:\WINDOWS\SYSTEM32\WINMMBASE.dll
0x00007ff935aa0000 - 0x00007ff935aa9000 	C:\WINDOWS\system32\NSI.dll
0x00007ff933110000 - 0x00007ff93315f000 	C:\WINDOWS\SYSTEM32\cfgmgr32.dll
0x00007ff931c30000 - 0x00007ff931c58000 	C:\WINDOWS\SYSTEM32\DEVOBJ.dll
0x00007ff928270000 - 0x00007ff92827f000 	C:\Program Files\Android\Android Studio\jre\jre\bin\verify.dll
0x00007ff9240f0000 - 0x00007ff924119000 	C:\Program Files\Android\Android Studio\jre\jre\bin\java.dll
0x00007ff928070000 - 0x00007ff928086000 	C:\Program Files\Android\Android Studio\jre\jre\bin\zip.dll
0x00007ff934410000 - 0x00007ff93593c000 	C:\WINDOWS\system32\SHELL32.dll
0x00007ff933c00000 - 0x00007ff933e12000 	C:\WINDOWS\SYSTEM32\combase.dll
0x00007ff934000000 - 0x00007ff934054000 	C:\WINDOWS\system32\SHLWAPI.dll
0x00007ff931390000 - 0x00007ff931442000 	C:\WINDOWS\SYSTEM32\SHCORE.dll
0x00007ff932e00000 - 0x00007ff932e15000 	C:\WINDOWS\SYSTEM32\profapi.dll
0x00007ff926850000 - 0x00007ff92686a000 	C:\Program Files\Android\Android Studio\jre\jre\bin\net.dll
0x00007ff932700000 - 0x00007ff932759000 	C:\WINDOWS\system32\mswsock.dll
0x00007ff925af0000 - 0x00007ff925b01000 	C:\Program Files\Android\Android Studio\jre\jre\bin\nio.dll
0x00007ff930ea0000 - 0x00007ff930ebe000 	C:\Users\padamu06\.gradle\native\25\windows-amd64\native-platform.dll
0x00007ff928260000 - 0x00007ff92826d000 	C:\Program Files\Android\Android Studio\jre\jre\bin\management.dll
0x00007ff932760000 - 0x00007ff932780000 	C:\WINDOWS\SYSTEM32\CRYPTSP.dll
0x00007ff932330000 - 0x00007ff932366000 	C:\WINDOWS\system32\rsaenh.dll
0x00007ff9329b0000 - 0x00007ff9329d6000 	C:\WINDOWS\SYSTEM32\bcrypt.dll
0x00007ff932440000 - 0x00007ff932461000 	C:\WINDOWS\SYSTEM32\USERENV.dll
0x00007ff932cd0000 - 0x00007ff932d33000 	C:\WINDOWS\system32\bcryptprimitives.dll
0x00007ff932d40000 - 0x00007ff932d4b000 	C:\WINDOWS\SYSTEM32\CRYPTBASE.dll
0x00007ff92d170000 - 0x00007ff92d19a000 	C:\WINDOWS\SYSTEM32\IPHLPAPI.DLL
0x00007ff92d160000 - 0x00007ff92d16a000 	C:\WINDOWS\SYSTEM32\WINNSI.DLL
0x00007ff92cc30000 - 0x00007ff92cc46000 	C:\WINDOWS\SYSTEM32\dhcpcsvc6.DLL
0x00007ff92ce30000 - 0x00007ff92ce4a000 	C:\WINDOWS\SYSTEM32\dhcpcsvc.DLL

VM Arguments:
jvm_args: -Xmx1536m -Dfile.encoding=windows-1252 -Duser.country=US -Duser.language=en -Duser.variant 
java_command: org.gradle.launcher.daemon.bootstrap.GradleDaemon 4.1
java_class_path (initial): C:\Users\padamu06\.gradle\wrapper\dists\gradle-4.1-all\bzyivzo6n839fup2jbap0tjew\gradle-4.1\lib\gradle-launcher-4.1.jar
Launcher Type: SUN_STANDARD

Environment Variables:
PATH=C:\Python27\;C:\Python27\Scripts;C:\ProgramData\Oracle\Java\javapath;C:\WINDOWS\system32;C:\WINDOWS;C:\WINDOWS\System32\Wbem;C:\WINDOWS\System32\WindowsPowerShell\v1.0\;C:\Program Files\nodejs\;C:\Program Files (x86)\GtkSharp\2.12\bin;C:\Users\padamu06\AppData\Local\Android\Sdk\platform-tools;C:\Users\padamu06\AppData\Local\Android\Sdk\tools;C:\Program Files\CMake\bin;C:\Program Files\Git\cmd;C:\Program Files\Common Files\microsoft shared\Web Server Extensions\14\BIN\;C:\Program Files (x86)\Microsoft SDKs\Windows\v7.0A\bin\x64\;C:\ProgramData\chocolatey\bin;C:\Users\padamu06\AppData\Roaming\npm;C:\Program Files\Microsoft VS Code\bin;C:\Users\padamu06\AppData\Local\.meteor;
USERNAME=Lokesh
OS=Windows_NT
PROCESSOR_IDENTIFIER=Intel64 Family 6 Model 69 Stepping 1, GenuineIntel



---------------  S Y S T E M  ---------------

OS: Windows 8.1 , 64 bit Build 9600 (6.3.9600.17415)

CPU:total 4 (initial active 4) (2 cores per cpu, 2 threads per core) family 6 model 69 stepping 1, cmov, cx8, fxsr, mmx, sse, sse2, sse3, ssse3, sse4.1, sse4.2, popcnt, avx, avx2, aes, clmul, erms, lzcnt, ht, tsc, tscinvbit, bmi1, bmi2

Memory: 4k page, physical 8068764k(641732k free), swap 11214492k(5128k free)

vm_info: OpenJDK 64-Bit Server VM (25.152-b01) for windows-amd64 JRE (1.8.0_152-release-915-b01), built by "builder" with MS VC++ 10.0 (VS2010)

time: Thu Jun 14 20:11:16 2018
elapsed time: 8 seconds (0d 0h 0m 8s)

